WARNING: There is already a revert env for this module, please unload first
WARNING: There is already a revert env for this module, please unload first
/scratch/condor/execute/dir_9482
Number of arguments in the batch job: 8
1st argument: /home/fynu/gkrintiras/CMSSW_7_5_7_patch2/src/UserCode/diall/scripts/WJets/ExampleAnalysisParameters_cfg.py
2nd argument: 1
Have 5 arguments:
runTtbarDilepton5TeV
/home/fynu/gkrintiras/CMSSW_7_5_7_patch2/src/UserCode/diall/scripts/WJets/ExampleAnalysisParameters_cfg.py
1
63
64
/storage/data/cms/store/user/gkrintir/TopHI/WJetsToLNu_TuneCUETP8M1_5020GeV-amcatnloFXFX-pythia8_HINppWinter16DR-75X_mcRun2_asymptotic_ppAt5TeV_v3-v1_v1/WJetsToLNu_TuneCUETP8M1_5020GeV-amcatnloFXFX-pythia8/crab_TopHI/160318_173245/0000/HiForestAOD_100.root
/storage/data/cms/store/user/gkrintir/TopHI/WJetsToLNu_TuneCUETP8M1_5020GeV-amcatnloFXFX-pythia8_HINppWinter16DR-75X_mcRun2_asymptotic_ppAt5TeV_v3-v1_v1/WJetsToLNu_TuneCUETP8M1_5020GeV-amcatnloFXFX-pythia8/crab_TopHI/160318_173245/0000/HiForestAOD_101.root
/storage/data/cms/store/user/gkrintir/TopHI/WJetsToLNu_TuneCUETP8M1_5020GeV-amcatnloFXFX-pythia8_HINppWinter16DR-75X_mcRun2_asymptotic_ppAt5TeV_v3-v1_v1/WJetsToLNu_TuneCUETP8M1_5020GeV-amcatnloFXFX-pythia8/crab_TopHI/160318_173245/0000/HiForestAOD_102.root
/storage/data/cms/store/user/gkrintir/TopHI/WJetsToLNu_TuneCUETP8M1_5020GeV-amcatnloFXFX-pythia8_HINppWinter16DR-75X_mcRun2_asymptotic_ppAt5TeV_v3-v1_v1/WJetsToLNu_TuneCUETP8M1_5020GeV-amcatnloFXFX-pythia8/crab_TopHI/160318_173245/0000/HiForestAOD_103.root
/storage/data/cms/store/user/gkrintir/TopHI/WJetsToLNu_TuneCUETP8M1_5020GeV-amcatnloFXFX-pythia8_HINppWinter16DR-75X_mcRun2_asymptotic_ppAt5TeV_v3-v1_v1/WJetsToLNu_TuneCUETP8M1_5020GeV-amcatnloFXFX-pythia8/crab_TopHI/160318_173245/0000/HiForestAOD_104.root
/storage/data/cms/store/user/gkrintir/TopHI/WJetsToLNu_TuneCUETP8M1_5020GeV-amcatnloFXFX-pythia8_HINppWinter16DR-75X_mcRun2_asymptotic_ppAt5TeV_v3-v1_v1/WJetsToLNu_TuneCUETP8M1_5020GeV-amcatnloFXFX-pythia8/crab_TopHI/160318_173245/0000/HiForestAOD_105.root
/storage/data/cms/store/user/gkrintir/TopHI/WJetsToLNu_TuneCUETP8M1_5020GeV-amcatnloFXFX-pythia8_HINppWinter16DR-75X_mcRun2_asymptotic_ppAt5TeV_v3-v1_v1/WJetsToLNu_TuneCUETP8M1_5020GeV-amcatnloFXFX-pythia8/crab_TopHI/160318_173245/0000/HiForestAOD_106.root
/storage/data/cms/store/user/gkrintir/TopHI/WJetsToLNu_TuneCUETP8M1_5020GeV-amcatnloFXFX-pythia8_HINppWinter16DR-75X_mcRun2_asymptotic_ppAt5TeV_v3-v1_v1/WJetsToLNu_TuneCUETP8M1_5020GeV-amcatnloFXFX-pythia8/crab_TopHI/160318_173245/0000/HiForestAOD_107.root
/storage/data/cms/store/user/gkrintir/TopHI/WJetsToLNu_TuneCUETP8M1_5020GeV-amcatnloFXFX-pythia8_HINppWinter16DR-75X_mcRun2_asymptotic_ppAt5TeV_v3-v1_v1/WJetsToLNu_TuneCUETP8M1_5020GeV-amcatnloFXFX-pythia8/crab_TopHI/160318_173245/0000/HiForestAOD_108.root
/storage/data/cms/store/user/gkrintir/TopHI/WJetsToLNu_TuneCUETP8M1_5020GeV-amcatnloFXFX-pythia8_HINppWinter16DR-75X_mcRun2_asymptotic_ppAt5TeV_v3-v1_v1/WJetsToLNu_TuneCUETP8M1_5020GeV-amcatnloFXFX-pythia8/crab_TopHI/160318_173245/0000/HiForestAOD_109.root
/storage/data/cms/store/user/gkrintir/TopHI/WJetsToLNu_TuneCUETP8M1_5020GeV-amcatnloFXFX-pythia8_HINppWinter16DR-75X_mcRun2_asymptotic_ppAt5TeV_v3-v1_v1/WJetsToLNu_TuneCUETP8M1_5020GeV-amcatnloFXFX-pythia8/crab_TopHI/160318_173245/0000/HiForestAOD_10.root
/storage/data/cms/store/user/gkrintir/TopHI/WJetsToLNu_TuneCUETP8M1_5020GeV-amcatnloFXFX-pythia8_HINppWinter16DR-75X_mcRun2_asymptotic_ppAt5TeV_v3-v1_v1/WJetsToLNu_TuneCUETP8M1_5020GeV-amcatnloFXFX-pythia8/crab_TopHI/160318_173245/0000/HiForestAOD_110.root
/storage/data/cms/store/user/gkrintir/TopHI/WJetsToLNu_TuneCUETP8M1_5020GeV-amcatnloFXFX-pythia8_HINppWinter16DR-75X_mcRun2_asymptotic_ppAt5TeV_v3-v1_v1/WJetsToLNu_TuneCUETP8M1_5020GeV-amcatnloFXFX-pythia8/crab_TopHI/160318_173245/0000/HiForestAOD_111.root
/storage/data/cms/store/user/gkrintir/TopHI/WJetsToLNu_TuneCUETP8M1_5020GeV-amcatnloFXFX-pythia8_HINppWinter16DR-75X_mcRun2_asymptotic_ppAt5TeV_v3-v1_v1/WJetsToLNu_TuneCUETP8M1_5020GeV-amcatnloFXFX-pythia8/crab_TopHI/160318_173245/0000/HiForestAOD_112.root
/storage/data/cms/store/user/gkrintir/TopHI/WJetsToLNu_TuneCUETP8M1_5020GeV-amcatnloFXFX-pythia8_HINppWinter16DR-75X_mcRun2_asymptotic_ppAt5TeV_v3-v1_v1/WJetsToLNu_TuneCUETP8M1_5020GeV-amcatnloFXFX-pythia8/crab_TopHI/160318_173245/0000/HiForestAOD_113.root
/storage/data/cms/store/user/gkrintir/TopHI/WJetsToLNu_TuneCUETP8M1_5020GeV-amcatnloFXFX-pythia8_HINppWinter16DR-75X_mcRun2_asymptotic_ppAt5TeV_v3-v1_v1/WJetsToLNu_TuneCUETP8M1_5020GeV-amcatnloFXFX-pythia8/crab_TopHI/160318_173245/0000/HiForestAOD_114.root
/storage/data/cms/store/user/gkrintir/TopHI/WJetsToLNu_TuneCUETP8M1_5020GeV-amcatnloFXFX-pythia8_HINppWinter16DR-75X_mcRun2_asymptotic_ppAt5TeV_v3-v1_v1/WJetsToLNu_TuneCUETP8M1_5020GeV-amcatnloFXFX-pythia8/crab_TopHI/160318_173245/0000/HiForestAOD_115.root
/storage/data/cms/store/user/gkrintir/TopHI/WJetsToLNu_TuneCUETP8M1_5020GeV-amcatnloFXFX-pythia8_HINppWinter16DR-75X_mcRun2_asymptotic_ppAt5TeV_v3-v1_v1/WJetsToLNu_TuneCUETP8M1_5020GeV-amcatnloFXFX-pythia8/crab_TopHI/160318_173245/0000/HiForestAOD_116.root
/storage/data/cms/store/user/gkrintir/TopHI/WJetsToLNu_TuneCUETP8M1_5020GeV-amcatnloFXFX-pythia8_HINppWinter16DR-75X_mcRun2_asymptotic_ppAt5TeV_v3-v1_v1/WJetsToLNu_TuneCUETP8M1_5020GeV-amcatnloFXFX-pythia8/crab_TopHI/160318_173245/0000/HiForestAOD_117.root
/storage/data/cms/store/user/gkrintir/TopHI/WJetsToLNu_TuneCUETP8M1_5020GeV-amcatnloFXFX-pythia8_HINppWinter16DR-75X_mcRun2_asymptotic_ppAt5TeV_v3-v1_v1/WJetsToLNu_TuneCUETP8M1_5020GeV-amcatnloFXFX-pythia8/crab_TopHI/160318_173245/0000/HiForestAOD_11.root
/storage/data/cms/store/user/gkrintir/TopHI/WJetsToLNu_TuneCUETP8M1_5020GeV-amcatnloFXFX-pythia8_HINppWinter16DR-75X_mcRun2_asymptotic_ppAt5TeV_v3-v1_v1/WJetsToLNu_TuneCUETP8M1_5020GeV-amcatnloFXFX-pythia8/crab_TopHI/160318_173245/0000/HiForestAOD_12.root
/storage/data/cms/store/user/gkrintir/TopHI/WJetsToLNu_TuneCUETP8M1_5020GeV-amcatnloFXFX-pythia8_HINppWinter16DR-75X_mcRun2_asymptotic_ppAt5TeV_v3-v1_v1/WJetsToLNu_TuneCUETP8M1_5020GeV-amcatnloFXFX-pythia8/crab_TopHI/160318_173245/0000/HiForestAOD_13.root
/storage/data/cms/store/user/gkrintir/TopHI/WJetsToLNu_TuneCUETP8M1_5020GeV-amcatnloFXFX-pythia8_HINppWinter16DR-75X_mcRun2_asymptotic_ppAt5TeV_v3-v1_v1/WJetsToLNu_TuneCUETP8M1_5020GeV-amcatnloFXFX-pythia8/crab_TopHI/160318_173245/0000/HiForestAOD_14.root
/storage/data/cms/store/user/gkrintir/TopHI/WJetsToLNu_TuneCUETP8M1_5020GeV-amcatnloFXFX-pythia8_HINppWinter16DR-75X_mcRun2_asymptotic_ppAt5TeV_v3-v1_v1/WJetsToLNu_TuneCUETP8M1_5020GeV-amcatnloFXFX-pythia8/crab_TopHI/160318_173245/0000/HiForestAOD_15.root
/storage/data/cms/store/user/gkrintir/TopHI/WJetsToLNu_TuneCUETP8M1_5020GeV-amcatnloFXFX-pythia8_HINppWinter16DR-75X_mcRun2_asymptotic_ppAt5TeV_v3-v1_v1/WJetsToLNu_TuneCUETP8M1_5020GeV-amcatnloFXFX-pythia8/crab_TopHI/160318_173245/0000/HiForestAOD_16.root
/storage/data/cms/store/user/gkrintir/TopHI/WJetsToLNu_TuneCUETP8M1_5020GeV-amcatnloFXFX-pythia8_HINppWinter16DR-75X_mcRun2_asymptotic_ppAt5TeV_v3-v1_v1/WJetsToLNu_TuneCUETP8M1_5020GeV-amcatnloFXFX-pythia8/crab_TopHI/160318_173245/0000/HiForestAOD_17.root
/storage/data/cms/store/user/gkrintir/TopHI/WJetsToLNu_TuneCUETP8M1_5020GeV-amcatnloFXFX-pythia8_HINppWinter16DR-75X_mcRun2_asymptotic_ppAt5TeV_v3-v1_v1/WJetsToLNu_TuneCUETP8M1_5020GeV-amcatnloFXFX-pythia8/crab_TopHI/160318_173245/0000/HiForestAOD_18.root
/storage/data/cms/store/user/gkrintir/TopHI/WJetsToLNu_TuneCUETP8M1_5020GeV-amcatnloFXFX-pythia8_HINppWinter16DR-75X_mcRun2_asymptotic_ppAt5TeV_v3-v1_v1/WJetsToLNu_TuneCUETP8M1_5020GeV-amcatnloFXFX-pythia8/crab_TopHI/160318_173245/0000/HiForestAOD_19.root
/storage/data/cms/store/user/gkrintir/TopHI/WJetsToLNu_TuneCUETP8M1_5020GeV-amcatnloFXFX-pythia8_HINppWinter16DR-75X_mcRun2_asymptotic_ppAt5TeV_v3-v1_v1/WJetsToLNu_TuneCUETP8M1_5020GeV-amcatnloFXFX-pythia8/crab_TopHI/160318_173245/0000/HiForestAOD_1.root
/storage/data/cms/store/user/gkrintir/TopHI/WJetsToLNu_TuneCUETP8M1_5020GeV-amcatnloFXFX-pythia8_HINppWinter16DR-75X_mcRun2_asymptotic_ppAt5TeV_v3-v1_v1/WJetsToLNu_TuneCUETP8M1_5020GeV-amcatnloFXFX-pythia8/crab_TopHI/160318_173245/0000/HiForestAOD_20.root
/storage/data/cms/store/user/gkrintir/TopHI/WJetsToLNu_TuneCUETP8M1_5020GeV-amcatnloFXFX-pythia8_HINppWinter16DR-75X_mcRun2_asymptotic_ppAt5TeV_v3-v1_v1/WJetsToLNu_TuneCUETP8M1_5020GeV-amcatnloFXFX-pythia8/crab_TopHI/160318_173245/0000/HiForestAOD_21.root
/storage/data/cms/store/user/gkrintir/TopHI/WJetsToLNu_TuneCUETP8M1_5020GeV-amcatnloFXFX-pythia8_HINppWinter16DR-75X_mcRun2_asymptotic_ppAt5TeV_v3-v1_v1/WJetsToLNu_TuneCUETP8M1_5020GeV-amcatnloFXFX-pythia8/crab_TopHI/160318_173245/0000/HiForestAOD_22.root
/storage/data/cms/store/user/gkrintir/TopHI/WJetsToLNu_TuneCUETP8M1_5020GeV-amcatnloFXFX-pythia8_HINppWinter16DR-75X_mcRun2_asymptotic_ppAt5TeV_v3-v1_v1/WJetsToLNu_TuneCUETP8M1_5020GeV-amcatnloFXFX-pythia8/crab_TopHI/160318_173245/0000/HiForestAOD_23.root
/storage/data/cms/store/user/gkrintir/TopHI/WJetsToLNu_TuneCUETP8M1_5020GeV-amcatnloFXFX-pythia8_HINppWinter16DR-75X_mcRun2_asymptotic_ppAt5TeV_v3-v1_v1/WJetsToLNu_TuneCUETP8M1_5020GeV-amcatnloFXFX-pythia8/crab_TopHI/160318_173245/0000/HiForestAOD_24.root
/storage/data/cms/store/user/gkrintir/TopHI/WJetsToLNu_TuneCUETP8M1_5020GeV-amcatnloFXFX-pythia8_HINppWinter16DR-75X_mcRun2_asymptotic_ppAt5TeV_v3-v1_v1/WJetsToLNu_TuneCUETP8M1_5020GeV-amcatnloFXFX-pythia8/crab_TopHI/160318_173245/0000/HiForestAOD_25.root
/storage/data/cms/store/user/gkrintir/TopHI/WJetsToLNu_TuneCUETP8M1_5020GeV-amcatnloFXFX-pythia8_HINppWinter16DR-75X_mcRun2_asymptotic_ppAt5TeV_v3-v1_v1/WJetsToLNu_TuneCUETP8M1_5020GeV-amcatnloFXFX-pythia8/crab_TopHI/160318_173245/0000/HiForestAOD_26.root
/storage/data/cms/store/user/gkrintir/TopHI/WJetsToLNu_TuneCUETP8M1_5020GeV-amcatnloFXFX-pythia8_HINppWinter16DR-75X_mcRun2_asymptotic_ppAt5TeV_v3-v1_v1/WJetsToLNu_TuneCUETP8M1_5020GeV-amcatnloFXFX-pythia8/crab_TopHI/160318_173245/0000/HiForestAOD_27.root
/storage/data/cms/store/user/gkrintir/TopHI/WJetsToLNu_TuneCUETP8M1_5020GeV-amcatnloFXFX-pythia8_HINppWinter16DR-75X_mcRun2_asymptotic_ppAt5TeV_v3-v1_v1/WJetsToLNu_TuneCUETP8M1_5020GeV-amcatnloFXFX-pythia8/crab_TopHI/160318_173245/0000/HiForestAOD_28.root
/storage/data/cms/store/user/gkrintir/TopHI/WJetsToLNu_TuneCUETP8M1_5020GeV-amcatnloFXFX-pythia8_HINppWinter16DR-75X_mcRun2_asymptotic_ppAt5TeV_v3-v1_v1/WJetsToLNu_TuneCUETP8M1_5020GeV-amcatnloFXFX-pythia8/crab_TopHI/160318_173245/0000/HiForestAOD_29.root
/storage/data/cms/store/user/gkrintir/TopHI/WJetsToLNu_TuneCUETP8M1_5020GeV-amcatnloFXFX-pythia8_HINppWinter16DR-75X_mcRun2_asymptotic_ppAt5TeV_v3-v1_v1/WJetsToLNu_TuneCUETP8M1_5020GeV-amcatnloFXFX-pythia8/crab_TopHI/160318_173245/0000/HiForestAOD_2.root
/storage/data/cms/store/user/gkrintir/TopHI/WJetsToLNu_TuneCUETP8M1_5020GeV-amcatnloFXFX-pythia8_HINppWinter16DR-75X_mcRun2_asymptotic_ppAt5TeV_v3-v1_v1/WJetsToLNu_TuneCUETP8M1_5020GeV-amcatnloFXFX-pythia8/crab_TopHI/160318_173245/0000/HiForestAOD_30.root
/storage/data/cms/store/user/gkrintir/TopHI/WJetsToLNu_TuneCUETP8M1_5020GeV-amcatnloFXFX-pythia8_HINppWinter16DR-75X_mcRun2_asymptotic_ppAt5TeV_v3-v1_v1/WJetsToLNu_TuneCUETP8M1_5020GeV-amcatnloFXFX-pythia8/crab_TopHI/160318_173245/0000/HiForestAOD_31.root
/storage/data/cms/store/user/gkrintir/TopHI/WJetsToLNu_TuneCUETP8M1_5020GeV-amcatnloFXFX-pythia8_HINppWinter16DR-75X_mcRun2_asymptotic_ppAt5TeV_v3-v1_v1/WJetsToLNu_TuneCUETP8M1_5020GeV-amcatnloFXFX-pythia8/crab_TopHI/160318_173245/0000/HiForestAOD_32.root
/storage/data/cms/store/user/gkrintir/TopHI/WJetsToLNu_TuneCUETP8M1_5020GeV-amcatnloFXFX-pythia8_HINppWinter16DR-75X_mcRun2_asymptotic_ppAt5TeV_v3-v1_v1/WJetsToLNu_TuneCUETP8M1_5020GeV-amcatnloFXFX-pythia8/crab_TopHI/160318_173245/0000/HiForestAOD_33.root
/storage/data/cms/store/user/gkrintir/TopHI/WJetsToLNu_TuneCUETP8M1_5020GeV-amcatnloFXFX-pythia8_HINppWinter16DR-75X_mcRun2_asymptotic_ppAt5TeV_v3-v1_v1/WJetsToLNu_TuneCUETP8M1_5020GeV-amcatnloFXFX-pythia8/crab_TopHI/160318_173245/0000/HiForestAOD_34.root
/storage/data/cms/store/user/gkrintir/TopHI/WJetsToLNu_TuneCUETP8M1_5020GeV-amcatnloFXFX-pythia8_HINppWinter16DR-75X_mcRun2_asymptotic_ppAt5TeV_v3-v1_v1/WJetsToLNu_TuneCUETP8M1_5020GeV-amcatnloFXFX-pythia8/crab_TopHI/160318_173245/0000/HiForestAOD_35.root
/storage/data/cms/store/user/gkrintir/TopHI/WJetsToLNu_TuneCUETP8M1_5020GeV-amcatnloFXFX-pythia8_HINppWinter16DR-75X_mcRun2_asymptotic_ppAt5TeV_v3-v1_v1/WJetsToLNu_TuneCUETP8M1_5020GeV-amcatnloFXFX-pythia8/crab_TopHI/160318_173245/0000/HiForestAOD_36.root
/storage/data/cms/store/user/gkrintir/TopHI/WJetsToLNu_TuneCUETP8M1_5020GeV-amcatnloFXFX-pythia8_HINppWinter16DR-75X_mcRun2_asymptotic_ppAt5TeV_v3-v1_v1/WJetsToLNu_TuneCUETP8M1_5020GeV-amcatnloFXFX-pythia8/crab_TopHI/160318_173245/0000/HiForestAOD_37.root
/storage/data/cms/store/user/gkrintir/TopHI/WJetsToLNu_TuneCUETP8M1_5020GeV-amcatnloFXFX-pythia8_HINppWinter16DR-75X_mcRun2_asymptotic_ppAt5TeV_v3-v1_v1/WJetsToLNu_TuneCUETP8M1_5020GeV-amcatnloFXFX-pythia8/crab_TopHI/160318_173245/0000/HiForestAOD_38.root
/storage/data/cms/store/user/gkrintir/TopHI/WJetsToLNu_TuneCUETP8M1_5020GeV-amcatnloFXFX-pythia8_HINppWinter16DR-75X_mcRun2_asymptotic_ppAt5TeV_v3-v1_v1/WJetsToLNu_TuneCUETP8M1_5020GeV-amcatnloFXFX-pythia8/crab_TopHI/160318_173245/0000/HiForestAOD_39.root
/storage/data/cms/store/user/gkrintir/TopHI/WJetsToLNu_TuneCUETP8M1_5020GeV-amcatnloFXFX-pythia8_HINppWinter16DR-75X_mcRun2_asymptotic_ppAt5TeV_v3-v1_v1/WJetsToLNu_TuneCUETP8M1_5020GeV-amcatnloFXFX-pythia8/crab_TopHI/160318_173245/0000/HiForestAOD_3.root
/storage/data/cms/store/user/gkrintir/TopHI/WJetsToLNu_TuneCUETP8M1_5020GeV-amcatnloFXFX-pythia8_HINppWinter16DR-75X_mcRun2_asymptotic_ppAt5TeV_v3-v1_v1/WJetsToLNu_TuneCUETP8M1_5020GeV-amcatnloFXFX-pythia8/crab_TopHI/160318_173245/0000/HiForestAOD_40.root
/storage/data/cms/store/user/gkrintir/TopHI/WJetsToLNu_TuneCUETP8M1_5020GeV-amcatnloFXFX-pythia8_HINppWinter16DR-75X_mcRun2_asymptotic_ppAt5TeV_v3-v1_v1/WJetsToLNu_TuneCUETP8M1_5020GeV-amcatnloFXFX-pythia8/crab_TopHI/160318_173245/0000/HiForestAOD_41.root
/storage/data/cms/store/user/gkrintir/TopHI/WJetsToLNu_TuneCUETP8M1_5020GeV-amcatnloFXFX-pythia8_HINppWinter16DR-75X_mcRun2_asymptotic_ppAt5TeV_v3-v1_v1/WJetsToLNu_TuneCUETP8M1_5020GeV-amcatnloFXFX-pythia8/crab_TopHI/160318_173245/0000/HiForestAOD_42.root
/storage/data/cms/store/user/gkrintir/TopHI/WJetsToLNu_TuneCUETP8M1_5020GeV-amcatnloFXFX-pythia8_HINppWinter16DR-75X_mcRun2_asymptotic_ppAt5TeV_v3-v1_v1/WJetsToLNu_TuneCUETP8M1_5020GeV-amcatnloFXFX-pythia8/crab_TopHI/160318_173245/0000/HiForestAOD_43.root
/storage/data/cms/store/user/gkrintir/TopHI/WJetsToLNu_TuneCUETP8M1_5020GeV-amcatnloFXFX-pythia8_HINppWinter16DR-75X_mcRun2_asymptotic_ppAt5TeV_v3-v1_v1/WJetsToLNu_TuneCUETP8M1_5020GeV-amcatnloFXFX-pythia8/crab_TopHI/160318_173245/0000/HiForestAOD_44.root
/storage/data/cms/store/user/gkrintir/TopHI/WJetsToLNu_TuneCUETP8M1_5020GeV-amcatnloFXFX-pythia8_HINppWinter16DR-75X_mcRun2_asymptotic_ppAt5TeV_v3-v1_v1/WJetsToLNu_TuneCUETP8M1_5020GeV-amcatnloFXFX-pythia8/crab_TopHI/160318_173245/0000/HiForestAOD_45.root
/storage/data/cms/store/user/gkrintir/TopHI/WJetsToLNu_TuneCUETP8M1_5020GeV-amcatnloFXFX-pythia8_HINppWinter16DR-75X_mcRun2_asymptotic_ppAt5TeV_v3-v1_v1/WJetsToLNu_TuneCUETP8M1_5020GeV-amcatnloFXFX-pythia8/crab_TopHI/160318_173245/0000/HiForestAOD_46.root
/storage/data/cms/store/user/gkrintir/TopHI/WJetsToLNu_TuneCUETP8M1_5020GeV-amcatnloFXFX-pythia8_HINppWinter16DR-75X_mcRun2_asymptotic_ppAt5TeV_v3-v1_v1/WJetsToLNu_TuneCUETP8M1_5020GeV-amcatnloFXFX-pythia8/crab_TopHI/160318_173245/0000/HiForestAOD_47.root
/storage/data/cms/store/user/gkrintir/TopHI/WJetsToLNu_TuneCUETP8M1_5020GeV-amcatnloFXFX-pythia8_HINppWinter16DR-75X_mcRun2_asymptotic_ppAt5TeV_v3-v1_v1/WJetsToLNu_TuneCUETP8M1_5020GeV-amcatnloFXFX-pythia8/crab_TopHI/160318_173245/0000/HiForestAOD_48.root
/storage/data/cms/store/user/gkrintir/TopHI/WJetsToLNu_TuneCUETP8M1_5020GeV-amcatnloFXFX-pythia8_HINppWinter16DR-75X_mcRun2_asymptotic_ppAt5TeV_v3-v1_v1/WJetsToLNu_TuneCUETP8M1_5020GeV-amcatnloFXFX-pythia8/crab_TopHI/160318_173245/0000/HiForestAOD_49.root
/storage/data/cms/store/user/gkrintir/TopHI/WJetsToLNu_TuneCUETP8M1_5020GeV-amcatnloFXFX-pythia8_HINppWinter16DR-75X_mcRun2_asymptotic_ppAt5TeV_v3-v1_v1/WJetsToLNu_TuneCUETP8M1_5020GeV-amcatnloFXFX-pythia8/crab_TopHI/160318_173245/0000/HiForestAOD_4.root
/storage/data/cms/store/user/gkrintir/TopHI/WJetsToLNu_TuneCUETP8M1_5020GeV-amcatnloFXFX-pythia8_HINppWinter16DR-75X_mcRun2_asymptotic_ppAt5TeV_v3-v1_v1/WJetsToLNu_TuneCUETP8M1_5020GeV-amcatnloFXFX-pythia8/crab_TopHI/160318_173245/0000/HiForestAOD_50.root
/storage/data/cms/store/user/gkrintir/TopHI/WJetsToLNu_TuneCUETP8M1_5020GeV-amcatnloFXFX-pythia8_HINppWinter16DR-75X_mcRun2_asymptotic_ppAt5TeV_v3-v1_v1/WJetsToLNu_TuneCUETP8M1_5020GeV-amcatnloFXFX-pythia8/crab_TopHI/160318_173245/0000/HiForestAOD_51.root
/storage/data/cms/store/user/gkrintir/TopHI/WJetsToLNu_TuneCUETP8M1_5020GeV-amcatnloFXFX-pythia8_HINppWinter16DR-75X_mcRun2_asymptotic_ppAt5TeV_v3-v1_v1/WJetsToLNu_TuneCUETP8M1_5020GeV-amcatnloFXFX-pythia8/crab_TopHI/160318_173245/0000/HiForestAOD_52.root
/storage/data/cms/store/user/gkrintir/TopHI/WJetsToLNu_TuneCUETP8M1_5020GeV-amcatnloFXFX-pythia8_HINppWinter16DR-75X_mcRun2_asymptotic_ppAt5TeV_v3-v1_v1/WJetsToLNu_TuneCUETP8M1_5020GeV-amcatnloFXFX-pythia8/crab_TopHI/160318_173245/0000/HiForestAOD_53.root
/storage/data/cms/store/user/gkrintir/TopHI/WJetsToLNu_TuneCUETP8M1_5020GeV-amcatnloFXFX-pythia8_HINppWinter16DR-75X_mcRun2_asymptotic_ppAt5TeV_v3-v1_v1/WJetsToLNu_TuneCUETP8M1_5020GeV-amcatnloFXFX-pythia8/crab_TopHI/160318_173245/0000/HiForestAOD_54.root
/storage/data/cms/store/user/gkrintir/TopHI/WJetsToLNu_TuneCUETP8M1_5020GeV-amcatnloFXFX-pythia8_HINppWinter16DR-75X_mcRun2_asymptotic_ppAt5TeV_v3-v1_v1/WJetsToLNu_TuneCUETP8M1_5020GeV-amcatnloFXFX-pythia8/crab_TopHI/160318_173245/0000/HiForestAOD_55.root
/storage/data/cms/store/user/gkrintir/TopHI/WJetsToLNu_TuneCUETP8M1_5020GeV-amcatnloFXFX-pythia8_HINppWinter16DR-75X_mcRun2_asymptotic_ppAt5TeV_v3-v1_v1/WJetsToLNu_TuneCUETP8M1_5020GeV-amcatnloFXFX-pythia8/crab_TopHI/160318_173245/0000/HiForestAOD_56.root
/storage/data/cms/store/user/gkrintir/TopHI/WJetsToLNu_TuneCUETP8M1_5020GeV-amcatnloFXFX-pythia8_HINppWinter16DR-75X_mcRun2_asymptotic_ppAt5TeV_v3-v1_v1/WJetsToLNu_TuneCUETP8M1_5020GeV-amcatnloFXFX-pythia8/crab_TopHI/160318_173245/0000/HiForestAOD_57.root
/storage/data/cms/store/user/gkrintir/TopHI/WJetsToLNu_TuneCUETP8M1_5020GeV-amcatnloFXFX-pythia8_HINppWinter16DR-75X_mcRun2_asymptotic_ppAt5TeV_v3-v1_v1/WJetsToLNu_TuneCUETP8M1_5020GeV-amcatnloFXFX-pythia8/crab_TopHI/160318_173245/0000/HiForestAOD_58.root
/storage/data/cms/store/user/gkrintir/TopHI/WJetsToLNu_TuneCUETP8M1_5020GeV-amcatnloFXFX-pythia8_HINppWinter16DR-75X_mcRun2_asymptotic_ppAt5TeV_v3-v1_v1/WJetsToLNu_TuneCUETP8M1_5020GeV-amcatnloFXFX-pythia8/crab_TopHI/160318_173245/0000/HiForestAOD_59.root
/storage/data/cms/store/user/gkrintir/TopHI/WJetsToLNu_TuneCUETP8M1_5020GeV-amcatnloFXFX-pythia8_HINppWinter16DR-75X_mcRun2_asymptotic_ppAt5TeV_v3-v1_v1/WJetsToLNu_TuneCUETP8M1_5020GeV-amcatnloFXFX-pythia8/crab_TopHI/160318_173245/0000/HiForestAOD_5.root
/storage/data/cms/store/user/gkrintir/TopHI/WJetsToLNu_TuneCUETP8M1_5020GeV-amcatnloFXFX-pythia8_HINppWinter16DR-75X_mcRun2_asymptotic_ppAt5TeV_v3-v1_v1/WJetsToLNu_TuneCUETP8M1_5020GeV-amcatnloFXFX-pythia8/crab_TopHI/160318_173245/0000/HiForestAOD_60.root
/storage/data/cms/store/user/gkrintir/TopHI/WJetsToLNu_TuneCUETP8M1_5020GeV-amcatnloFXFX-pythia8_HINppWinter16DR-75X_mcRun2_asymptotic_ppAt5TeV_v3-v1_v1/WJetsToLNu_TuneCUETP8M1_5020GeV-amcatnloFXFX-pythia8/crab_TopHI/160318_173245/0000/HiForestAOD_61.root
/storage/data/cms/store/user/gkrintir/TopHI/WJetsToLNu_TuneCUETP8M1_5020GeV-amcatnloFXFX-pythia8_HINppWinter16DR-75X_mcRun2_asymptotic_ppAt5TeV_v3-v1_v1/WJetsToLNu_TuneCUETP8M1_5020GeV-amcatnloFXFX-pythia8/crab_TopHI/160318_173245/0000/HiForestAOD_62.root
/storage/data/cms/store/user/gkrintir/TopHI/WJetsToLNu_TuneCUETP8M1_5020GeV-amcatnloFXFX-pythia8_HINppWinter16DR-75X_mcRun2_asymptotic_ppAt5TeV_v3-v1_v1/WJetsToLNu_TuneCUETP8M1_5020GeV-amcatnloFXFX-pythia8/crab_TopHI/160318_173245/0000/HiForestAOD_63.root
/storage/data/cms/store/user/gkrintir/TopHI/WJetsToLNu_TuneCUETP8M1_5020GeV-amcatnloFXFX-pythia8_HINppWinter16DR-75X_mcRun2_asymptotic_ppAt5TeV_v3-v1_v1/WJetsToLNu_TuneCUETP8M1_5020GeV-amcatnloFXFX-pythia8/crab_TopHI/160318_173245/0000/HiForestAOD_64.root
/storage/data/cms/store/user/gkrintir/TopHI/WJetsToLNu_TuneCUETP8M1_5020GeV-amcatnloFXFX-pythia8_HINppWinter16DR-75X_mcRun2_asymptotic_ppAt5TeV_v3-v1_v1/WJetsToLNu_TuneCUETP8M1_5020GeV-amcatnloFXFX-pythia8/crab_TopHI/160318_173245/0000/HiForestAOD_65.root
/storage/data/cms/store/user/gkrintir/TopHI/WJetsToLNu_TuneCUETP8M1_5020GeV-amcatnloFXFX-pythia8_HINppWinter16DR-75X_mcRun2_asymptotic_ppAt5TeV_v3-v1_v1/WJetsToLNu_TuneCUETP8M1_5020GeV-amcatnloFXFX-pythia8/crab_TopHI/160318_173245/0000/HiForestAOD_66.root
/storage/data/cms/store/user/gkrintir/TopHI/WJetsToLNu_TuneCUETP8M1_5020GeV-amcatnloFXFX-pythia8_HINppWinter16DR-75X_mcRun2_asymptotic_ppAt5TeV_v3-v1_v1/WJetsToLNu_TuneCUETP8M1_5020GeV-amcatnloFXFX-pythia8/crab_TopHI/160318_173245/0000/HiForestAOD_67.root
/storage/data/cms/store/user/gkrintir/TopHI/WJetsToLNu_TuneCUETP8M1_5020GeV-amcatnloFXFX-pythia8_HINppWinter16DR-75X_mcRun2_asymptotic_ppAt5TeV_v3-v1_v1/WJetsToLNu_TuneCUETP8M1_5020GeV-amcatnloFXFX-pythia8/crab_TopHI/160318_173245/0000/HiForestAOD_68.root
/storage/data/cms/store/user/gkrintir/TopHI/WJetsToLNu_TuneCUETP8M1_5020GeV-amcatnloFXFX-pythia8_HINppWinter16DR-75X_mcRun2_asymptotic_ppAt5TeV_v3-v1_v1/WJetsToLNu_TuneCUETP8M1_5020GeV-amcatnloFXFX-pythia8/crab_TopHI/160318_173245/0000/HiForestAOD_69.root
/storage/data/cms/store/user/gkrintir/TopHI/WJetsToLNu_TuneCUETP8M1_5020GeV-amcatnloFXFX-pythia8_HINppWinter16DR-75X_mcRun2_asymptotic_ppAt5TeV_v3-v1_v1/WJetsToLNu_TuneCUETP8M1_5020GeV-amcatnloFXFX-pythia8/crab_TopHI/160318_173245/0000/HiForestAOD_6.root
/storage/data/cms/store/user/gkrintir/TopHI/WJetsToLNu_TuneCUETP8M1_5020GeV-amcatnloFXFX-pythia8_HINppWinter16DR-75X_mcRun2_asymptotic_ppAt5TeV_v3-v1_v1/WJetsToLNu_TuneCUETP8M1_5020GeV-amcatnloFXFX-pythia8/crab_TopHI/160318_173245/0000/HiForestAOD_70.root
/storage/data/cms/store/user/gkrintir/TopHI/WJetsToLNu_TuneCUETP8M1_5020GeV-amcatnloFXFX-pythia8_HINppWinter16DR-75X_mcRun2_asymptotic_ppAt5TeV_v3-v1_v1/WJetsToLNu_TuneCUETP8M1_5020GeV-amcatnloFXFX-pythia8/crab_TopHI/160318_173245/0000/HiForestAOD_71.root
/storage/data/cms/store/user/gkrintir/TopHI/WJetsToLNu_TuneCUETP8M1_5020GeV-amcatnloFXFX-pythia8_HINppWinter16DR-75X_mcRun2_asymptotic_ppAt5TeV_v3-v1_v1/WJetsToLNu_TuneCUETP8M1_5020GeV-amcatnloFXFX-pythia8/crab_TopHI/160318_173245/0000/HiForestAOD_72.root
/storage/data/cms/store/user/gkrintir/TopHI/WJetsToLNu_TuneCUETP8M1_5020GeV-amcatnloFXFX-pythia8_HINppWinter16DR-75X_mcRun2_asymptotic_ppAt5TeV_v3-v1_v1/WJetsToLNu_TuneCUETP8M1_5020GeV-amcatnloFXFX-pythia8/crab_TopHI/160318_173245/0000/HiForestAOD_73.root
/storage/data/cms/store/user/gkrintir/TopHI/WJetsToLNu_TuneCUETP8M1_5020GeV-amcatnloFXFX-pythia8_HINppWinter16DR-75X_mcRun2_asymptotic_ppAt5TeV_v3-v1_v1/WJetsToLNu_TuneCUETP8M1_5020GeV-amcatnloFXFX-pythia8/crab_TopHI/160318_173245/0000/HiForestAOD_74.root
/storage/data/cms/store/user/gkrintir/TopHI/WJetsToLNu_TuneCUETP8M1_5020GeV-amcatnloFXFX-pythia8_HINppWinter16DR-75X_mcRun2_asymptotic_ppAt5TeV_v3-v1_v1/WJetsToLNu_TuneCUETP8M1_5020GeV-amcatnloFXFX-pythia8/crab_TopHI/160318_173245/0000/HiForestAOD_75.root
/storage/data/cms/store/user/gkrintir/TopHI/WJetsToLNu_TuneCUETP8M1_5020GeV-amcatnloFXFX-pythia8_HINppWinter16DR-75X_mcRun2_asymptotic_ppAt5TeV_v3-v1_v1/WJetsToLNu_TuneCUETP8M1_5020GeV-amcatnloFXFX-pythia8/crab_TopHI/160318_173245/0000/HiForestAOD_76.root
/storage/data/cms/store/user/gkrintir/TopHI/WJetsToLNu_TuneCUETP8M1_5020GeV-amcatnloFXFX-pythia8_HINppWinter16DR-75X_mcRun2_asymptotic_ppAt5TeV_v3-v1_v1/WJetsToLNu_TuneCUETP8M1_5020GeV-amcatnloFXFX-pythia8/crab_TopHI/160318_173245/0000/HiForestAOD_77.root
/storage/data/cms/store/user/gkrintir/TopHI/WJetsToLNu_TuneCUETP8M1_5020GeV-amcatnloFXFX-pythia8_HINppWinter16DR-75X_mcRun2_asymptotic_ppAt5TeV_v3-v1_v1/WJetsToLNu_TuneCUETP8M1_5020GeV-amcatnloFXFX-pythia8/crab_TopHI/160318_173245/0000/HiForestAOD_78.root
/storage/data/cms/store/user/gkrintir/TopHI/WJetsToLNu_TuneCUETP8M1_5020GeV-amcatnloFXFX-pythia8_HINppWinter16DR-75X_mcRun2_asymptotic_ppAt5TeV_v3-v1_v1/WJetsToLNu_TuneCUETP8M1_5020GeV-amcatnloFXFX-pythia8/crab_TopHI/160318_173245/0000/HiForestAOD_79.root
/storage/data/cms/store/user/gkrintir/TopHI/WJetsToLNu_TuneCUETP8M1_5020GeV-amcatnloFXFX-pythia8_HINppWinter16DR-75X_mcRun2_asymptotic_ppAt5TeV_v3-v1_v1/WJetsToLNu_TuneCUETP8M1_5020GeV-amcatnloFXFX-pythia8/crab_TopHI/160318_173245/0000/HiForestAOD_7.root
/storage/data/cms/store/user/gkrintir/TopHI/WJetsToLNu_TuneCUETP8M1_5020GeV-amcatnloFXFX-pythia8_HINppWinter16DR-75X_mcRun2_asymptotic_ppAt5TeV_v3-v1_v1/WJetsToLNu_TuneCUETP8M1_5020GeV-amcatnloFXFX-pythia8/crab_TopHI/160318_173245/0000/HiForestAOD_80.root
/storage/data/cms/store/user/gkrintir/TopHI/WJetsToLNu_TuneCUETP8M1_5020GeV-amcatnloFXFX-pythia8_HINppWinter16DR-75X_mcRun2_asymptotic_ppAt5TeV_v3-v1_v1/WJetsToLNu_TuneCUETP8M1_5020GeV-amcatnloFXFX-pythia8/crab_TopHI/160318_173245/0000/HiForestAOD_81.root
/storage/data/cms/store/user/gkrintir/TopHI/WJetsToLNu_TuneCUETP8M1_5020GeV-amcatnloFXFX-pythia8_HINppWinter16DR-75X_mcRun2_asymptotic_ppAt5TeV_v3-v1_v1/WJetsToLNu_TuneCUETP8M1_5020GeV-amcatnloFXFX-pythia8/crab_TopHI/160318_173245/0000/HiForestAOD_82.root
/storage/data/cms/store/user/gkrintir/TopHI/WJetsToLNu_TuneCUETP8M1_5020GeV-amcatnloFXFX-pythia8_HINppWinter16DR-75X_mcRun2_asymptotic_ppAt5TeV_v3-v1_v1/WJetsToLNu_TuneCUETP8M1_5020GeV-amcatnloFXFX-pythia8/crab_TopHI/160318_173245/0000/HiForestAOD_83.root
/storage/data/cms/store/user/gkrintir/TopHI/WJetsToLNu_TuneCUETP8M1_5020GeV-amcatnloFXFX-pythia8_HINppWinter16DR-75X_mcRun2_asymptotic_ppAt5TeV_v3-v1_v1/WJetsToLNu_TuneCUETP8M1_5020GeV-amcatnloFXFX-pythia8/crab_TopHI/160318_173245/0000/HiForestAOD_84.root
/storage/data/cms/store/user/gkrintir/TopHI/WJetsToLNu_TuneCUETP8M1_5020GeV-amcatnloFXFX-pythia8_HINppWinter16DR-75X_mcRun2_asymptotic_ppAt5TeV_v3-v1_v1/WJetsToLNu_TuneCUETP8M1_5020GeV-amcatnloFXFX-pythia8/crab_TopHI/160318_173245/0000/HiForestAOD_85.root
/storage/data/cms/store/user/gkrintir/TopHI/WJetsToLNu_TuneCUETP8M1_5020GeV-amcatnloFXFX-pythia8_HINppWinter16DR-75X_mcRun2_asymptotic_ppAt5TeV_v3-v1_v1/WJetsToLNu_TuneCUETP8M1_5020GeV-amcatnloFXFX-pythia8/crab_TopHI/160318_173245/0000/HiForestAOD_86.root
/storage/data/cms/store/user/gkrintir/TopHI/WJetsToLNu_TuneCUETP8M1_5020GeV-amcatnloFXFX-pythia8_HINppWinter16DR-75X_mcRun2_asymptotic_ppAt5TeV_v3-v1_v1/WJetsToLNu_TuneCUETP8M1_5020GeV-amcatnloFXFX-pythia8/crab_TopHI/160318_173245/0000/HiForestAOD_87.root
/storage/data/cms/store/user/gkrintir/TopHI/WJetsToLNu_TuneCUETP8M1_5020GeV-amcatnloFXFX-pythia8_HINppWinter16DR-75X_mcRun2_asymptotic_ppAt5TeV_v3-v1_v1/WJetsToLNu_TuneCUETP8M1_5020GeV-amcatnloFXFX-pythia8/crab_TopHI/160318_173245/0000/HiForestAOD_88.root
/storage/data/cms/store/user/gkrintir/TopHI/WJetsToLNu_TuneCUETP8M1_5020GeV-amcatnloFXFX-pythia8_HINppWinter16DR-75X_mcRun2_asymptotic_ppAt5TeV_v3-v1_v1/WJetsToLNu_TuneCUETP8M1_5020GeV-amcatnloFXFX-pythia8/crab_TopHI/160318_173245/0000/HiForestAOD_89.root
/storage/data/cms/store/user/gkrintir/TopHI/WJetsToLNu_TuneCUETP8M1_5020GeV-amcatnloFXFX-pythia8_HINppWinter16DR-75X_mcRun2_asymptotic_ppAt5TeV_v3-v1_v1/WJetsToLNu_TuneCUETP8M1_5020GeV-amcatnloFXFX-pythia8/crab_TopHI/160318_173245/0000/HiForestAOD_8.root
/storage/data/cms/store/user/gkrintir/TopHI/WJetsToLNu_TuneCUETP8M1_5020GeV-amcatnloFXFX-pythia8_HINppWinter16DR-75X_mcRun2_asymptotic_ppAt5TeV_v3-v1_v1/WJetsToLNu_TuneCUETP8M1_5020GeV-amcatnloFXFX-pythia8/crab_TopHI/160318_173245/0000/HiForestAOD_90.root
/storage/data/cms/store/user/gkrintir/TopHI/WJetsToLNu_TuneCUETP8M1_5020GeV-amcatnloFXFX-pythia8_HINppWinter16DR-75X_mcRun2_asymptotic_ppAt5TeV_v3-v1_v1/WJetsToLNu_TuneCUETP8M1_5020GeV-amcatnloFXFX-pythia8/crab_TopHI/160318_173245/0000/HiForestAOD_91.root
/storage/data/cms/store/user/gkrintir/TopHI/WJetsToLNu_TuneCUETP8M1_5020GeV-amcatnloFXFX-pythia8_HINppWinter16DR-75X_mcRun2_asymptotic_ppAt5TeV_v3-v1_v1/WJetsToLNu_TuneCUETP8M1_5020GeV-amcatnloFXFX-pythia8/crab_TopHI/160318_173245/0000/HiForestAOD_92.root
/storage/data/cms/store/user/gkrintir/TopHI/WJetsToLNu_TuneCUETP8M1_5020GeV-amcatnloFXFX-pythia8_HINppWinter16DR-75X_mcRun2_asymptotic_ppAt5TeV_v3-v1_v1/WJetsToLNu_TuneCUETP8M1_5020GeV-amcatnloFXFX-pythia8/crab_TopHI/160318_173245/0000/HiForestAOD_93.root
/storage/data/cms/store/user/gkrintir/TopHI/WJetsToLNu_TuneCUETP8M1_5020GeV-amcatnloFXFX-pythia8_HINppWinter16DR-75X_mcRun2_asymptotic_ppAt5TeV_v3-v1_v1/WJetsToLNu_TuneCUETP8M1_5020GeV-amcatnloFXFX-pythia8/crab_TopHI/160318_173245/0000/HiForestAOD_94.root
/storage/data/cms/store/user/gkrintir/TopHI/WJetsToLNu_TuneCUETP8M1_5020GeV-amcatnloFXFX-pythia8_HINppWinter16DR-75X_mcRun2_asymptotic_ppAt5TeV_v3-v1_v1/WJetsToLNu_TuneCUETP8M1_5020GeV-amcatnloFXFX-pythia8/crab_TopHI/160318_173245/0000/HiForestAOD_95.root
/storage/data/cms/store/user/gkrintir/TopHI/WJetsToLNu_TuneCUETP8M1_5020GeV-amcatnloFXFX-pythia8_HINppWinter16DR-75X_mcRun2_asymptotic_ppAt5TeV_v3-v1_v1/WJetsToLNu_TuneCUETP8M1_5020GeV-amcatnloFXFX-pythia8/crab_TopHI/160318_173245/0000/HiForestAOD_96.root
/storage/data/cms/store/user/gkrintir/TopHI/WJetsToLNu_TuneCUETP8M1_5020GeV-amcatnloFXFX-pythia8_HINppWinter16DR-75X_mcRun2_asymptotic_ppAt5TeV_v3-v1_v1/WJetsToLNu_TuneCUETP8M1_5020GeV-amcatnloFXFX-pythia8/crab_TopHI/160318_173245/0000/HiForestAOD_97.root
/storage/data/cms/store/user/gkrintir/TopHI/WJetsToLNu_TuneCUETP8M1_5020GeV-amcatnloFXFX-pythia8_HINppWinter16DR-75X_mcRun2_asymptotic_ppAt5TeV_v3-v1_v1/WJetsToLNu_TuneCUETP8M1_5020GeV-amcatnloFXFX-pythia8/crab_TopHI/160318_173245/0000/HiForestAOD_98.root
/storage/data/cms/store/user/gkrintir/TopHI/WJetsToLNu_TuneCUETP8M1_5020GeV-amcatnloFXFX-pythia8_HINppWinter16DR-75X_mcRun2_asymptotic_ppAt5TeV_v3-v1_v1/WJetsToLNu_TuneCUETP8M1_5020GeV-amcatnloFXFX-pythia8/crab_TopHI/160318_173245/0000/HiForestAOD_99.root
/storage/data/cms/store/user/gkrintir/TopHI/WJetsToLNu_TuneCUETP8M1_5020GeV-amcatnloFXFX-pythia8_HINppWinter16DR-75X_mcRun2_asymptotic_ppAt5TeV_v3-v1_v1/WJetsToLNu_TuneCUETP8M1_5020GeV-amcatnloFXFX-pythia8/crab_TopHI/160318_173245/0000/HiForestAOD_9.root
-1636401
firstFile: 63  lastFile: 64
firstEvent: 0
isData: 1
hltTree done
hiTree done
skimTree done
pfTree done
muTree done
pfJetTree done
37281
nentries: -1  tot: 37281
Processing event 0  37281
Created hiEventContainer
Created triggerMap object
0 fCurrent: 0
0 fCurrent: 0
Processing event 10000  37281
Processing event 20000  37281
Processing event 30000  37281
Collection name='TList', class='TList', size=9
 OBJ: hiEventContainer	hiEventContainer	hiEventContainer
 OBJ: triggerMap	triggerMap	triggerMap
 Collection name='lwMuonsReco', class='TClonesArray', size=1000
 Collection name='lwElectronsReco', class='TClonesArray', size=1000
 Collection name='lwElectronsGene', class='TClonesArray', size=1000
 OBJ: lwJetContainer	akt4PF	akt4PF
 Collection name='TClonesArray', class='TClonesArray', size=1000
 Collection name='TClonesArray', class='TClonesArray', size=1000
 Collection name='TClonesArray', class='TClonesArray', size=1000
Results have been stored in AnaResults.root
