WARNING: There is already a revert env for this module, please unload first
WARNING: There is already a revert env for this module, please unload first
/scratch/condor/execute/dir_11114
Number of arguments in the batch job: 5
1st argument: /home/fynu/gkrintiras/CMSSW_7_5_7_patch2/src/UserCode/diall/scripts/tW_antitop/OS/ExampleAnalysisParameters_cfg.py
2nd argument: 1
Have 5 arguments:
runTtbarDilepton5TeV
/home/fynu/gkrintiras/CMSSW_7_5_7_patch2/src/UserCode/diall/scripts/tW_antitop/OS/ExampleAnalysisParameters_cfg.py
1
25
26
/storage/data/cms/store/user/gkrintir/TopHI/ST_tW_5020GeV_antitop-powheg-pythia8_HINppWinter16DR-75X_mcRun2_asymptotic_ppAt5TeV_v3-v1MINIAODSIM_v1/ST_tW_5020GeV_antitop-powheg-pythia8/crab_TopHI/160408_094705/0000/HiForestAOD_1.root
/storage/data/cms/store/user/gkrintir/TopHI/ST_tW_5020GeV_antitop-powheg-pythia8_HINppWinter16DR-75X_mcRun2_asymptotic_ppAt5TeV_v3-v1MINIAODSIM_v1/ST_tW_5020GeV_antitop-powheg-pythia8/crab_TopHI/160408_094705/0000/HiForestAOD_10.root
/storage/data/cms/store/user/gkrintir/TopHI/ST_tW_5020GeV_antitop-powheg-pythia8_HINppWinter16DR-75X_mcRun2_asymptotic_ppAt5TeV_v3-v1MINIAODSIM_v1/ST_tW_5020GeV_antitop-powheg-pythia8/crab_TopHI/160408_094705/0000/HiForestAOD_11.root
/storage/data/cms/store/user/gkrintir/TopHI/ST_tW_5020GeV_antitop-powheg-pythia8_HINppWinter16DR-75X_mcRun2_asymptotic_ppAt5TeV_v3-v1MINIAODSIM_v1/ST_tW_5020GeV_antitop-powheg-pythia8/crab_TopHI/160408_094705/0000/HiForestAOD_12.root
/storage/data/cms/store/user/gkrintir/TopHI/ST_tW_5020GeV_antitop-powheg-pythia8_HINppWinter16DR-75X_mcRun2_asymptotic_ppAt5TeV_v3-v1MINIAODSIM_v1/ST_tW_5020GeV_antitop-powheg-pythia8/crab_TopHI/160408_094705/0000/HiForestAOD_13.root
/storage/data/cms/store/user/gkrintir/TopHI/ST_tW_5020GeV_antitop-powheg-pythia8_HINppWinter16DR-75X_mcRun2_asymptotic_ppAt5TeV_v3-v1MINIAODSIM_v1/ST_tW_5020GeV_antitop-powheg-pythia8/crab_TopHI/160408_094705/0000/HiForestAOD_14.root
/storage/data/cms/store/user/gkrintir/TopHI/ST_tW_5020GeV_antitop-powheg-pythia8_HINppWinter16DR-75X_mcRun2_asymptotic_ppAt5TeV_v3-v1MINIAODSIM_v1/ST_tW_5020GeV_antitop-powheg-pythia8/crab_TopHI/160408_094705/0000/HiForestAOD_15.root
/storage/data/cms/store/user/gkrintir/TopHI/ST_tW_5020GeV_antitop-powheg-pythia8_HINppWinter16DR-75X_mcRun2_asymptotic_ppAt5TeV_v3-v1MINIAODSIM_v1/ST_tW_5020GeV_antitop-powheg-pythia8/crab_TopHI/160408_094705/0000/HiForestAOD_16.root
/storage/data/cms/store/user/gkrintir/TopHI/ST_tW_5020GeV_antitop-powheg-pythia8_HINppWinter16DR-75X_mcRun2_asymptotic_ppAt5TeV_v3-v1MINIAODSIM_v1/ST_tW_5020GeV_antitop-powheg-pythia8/crab_TopHI/160408_094705/0000/HiForestAOD_17.root
/storage/data/cms/store/user/gkrintir/TopHI/ST_tW_5020GeV_antitop-powheg-pythia8_HINppWinter16DR-75X_mcRun2_asymptotic_ppAt5TeV_v3-v1MINIAODSIM_v1/ST_tW_5020GeV_antitop-powheg-pythia8/crab_TopHI/160408_094705/0000/HiForestAOD_18.root
/storage/data/cms/store/user/gkrintir/TopHI/ST_tW_5020GeV_antitop-powheg-pythia8_HINppWinter16DR-75X_mcRun2_asymptotic_ppAt5TeV_v3-v1MINIAODSIM_v1/ST_tW_5020GeV_antitop-powheg-pythia8/crab_TopHI/160408_094705/0000/HiForestAOD_19.root
/storage/data/cms/store/user/gkrintir/TopHI/ST_tW_5020GeV_antitop-powheg-pythia8_HINppWinter16DR-75X_mcRun2_asymptotic_ppAt5TeV_v3-v1MINIAODSIM_v1/ST_tW_5020GeV_antitop-powheg-pythia8/crab_TopHI/160408_094705/0000/HiForestAOD_2.root
/storage/data/cms/store/user/gkrintir/TopHI/ST_tW_5020GeV_antitop-powheg-pythia8_HINppWinter16DR-75X_mcRun2_asymptotic_ppAt5TeV_v3-v1MINIAODSIM_v1/ST_tW_5020GeV_antitop-powheg-pythia8/crab_TopHI/160408_094705/0000/HiForestAOD_20.root
/storage/data/cms/store/user/gkrintir/TopHI/ST_tW_5020GeV_antitop-powheg-pythia8_HINppWinter16DR-75X_mcRun2_asymptotic_ppAt5TeV_v3-v1MINIAODSIM_v1/ST_tW_5020GeV_antitop-powheg-pythia8/crab_TopHI/160408_094705/0000/HiForestAOD_21.root
/storage/data/cms/store/user/gkrintir/TopHI/ST_tW_5020GeV_antitop-powheg-pythia8_HINppWinter16DR-75X_mcRun2_asymptotic_ppAt5TeV_v3-v1MINIAODSIM_v1/ST_tW_5020GeV_antitop-powheg-pythia8/crab_TopHI/160408_094705/0000/HiForestAOD_22.root
/storage/data/cms/store/user/gkrintir/TopHI/ST_tW_5020GeV_antitop-powheg-pythia8_HINppWinter16DR-75X_mcRun2_asymptotic_ppAt5TeV_v3-v1MINIAODSIM_v1/ST_tW_5020GeV_antitop-powheg-pythia8/crab_TopHI/160408_094705/0000/HiForestAOD_23.root
/storage/data/cms/store/user/gkrintir/TopHI/ST_tW_5020GeV_antitop-powheg-pythia8_HINppWinter16DR-75X_mcRun2_asymptotic_ppAt5TeV_v3-v1MINIAODSIM_v1/ST_tW_5020GeV_antitop-powheg-pythia8/crab_TopHI/160408_094705/0000/HiForestAOD_24.root
/storage/data/cms/store/user/gkrintir/TopHI/ST_tW_5020GeV_antitop-powheg-pythia8_HINppWinter16DR-75X_mcRun2_asymptotic_ppAt5TeV_v3-v1MINIAODSIM_v1/ST_tW_5020GeV_antitop-powheg-pythia8/crab_TopHI/160408_094705/0000/HiForestAOD_25.root
/storage/data/cms/store/user/gkrintir/TopHI/ST_tW_5020GeV_antitop-powheg-pythia8_HINppWinter16DR-75X_mcRun2_asymptotic_ppAt5TeV_v3-v1MINIAODSIM_v1/ST_tW_5020GeV_antitop-powheg-pythia8/crab_TopHI/160408_094705/0000/HiForestAOD_26.root
/storage/data/cms/store/user/gkrintir/TopHI/ST_tW_5020GeV_antitop-powheg-pythia8_HINppWinter16DR-75X_mcRun2_asymptotic_ppAt5TeV_v3-v1MINIAODSIM_v1/ST_tW_5020GeV_antitop-powheg-pythia8/crab_TopHI/160408_094705/0000/HiForestAOD_27.root
/storage/data/cms/store/user/gkrintir/TopHI/ST_tW_5020GeV_antitop-powheg-pythia8_HINppWinter16DR-75X_mcRun2_asymptotic_ppAt5TeV_v3-v1MINIAODSIM_v1/ST_tW_5020GeV_antitop-powheg-pythia8/crab_TopHI/160408_094705/0000/HiForestAOD_3.root
/storage/data/cms/store/user/gkrintir/TopHI/ST_tW_5020GeV_antitop-powheg-pythia8_HINppWinter16DR-75X_mcRun2_asymptotic_ppAt5TeV_v3-v1MINIAODSIM_v1/ST_tW_5020GeV_antitop-powheg-pythia8/crab_TopHI/160408_094705/0000/HiForestAOD_4.root
/storage/data/cms/store/user/gkrintir/TopHI/ST_tW_5020GeV_antitop-powheg-pythia8_HINppWinter16DR-75X_mcRun2_asymptotic_ppAt5TeV_v3-v1MINIAODSIM_v1/ST_tW_5020GeV_antitop-powheg-pythia8/crab_TopHI/160408_094705/0000/HiForestAOD_5.root
/storage/data/cms/store/user/gkrintir/TopHI/ST_tW_5020GeV_antitop-powheg-pythia8_HINppWinter16DR-75X_mcRun2_asymptotic_ppAt5TeV_v3-v1MINIAODSIM_v1/ST_tW_5020GeV_antitop-powheg-pythia8/crab_TopHI/160408_094705/0000/HiForestAOD_6.root
/storage/data/cms/store/user/gkrintir/TopHI/ST_tW_5020GeV_antitop-powheg-pythia8_HINppWinter16DR-75X_mcRun2_asymptotic_ppAt5TeV_v3-v1MINIAODSIM_v1/ST_tW_5020GeV_antitop-powheg-pythia8/crab_TopHI/160408_094705/0000/HiForestAOD_7.root
/storage/data/cms/store/user/gkrintir/TopHI/ST_tW_5020GeV_antitop-powheg-pythia8_HINppWinter16DR-75X_mcRun2_asymptotic_ppAt5TeV_v3-v1MINIAODSIM_v1/ST_tW_5020GeV_antitop-powheg-pythia8/crab_TopHI/160408_094705/0000/HiForestAOD_8.root
/storage/data/cms/store/user/gkrintir/TopHI/ST_tW_5020GeV_antitop-powheg-pythia8_HINppWinter16DR-75X_mcRun2_asymptotic_ppAt5TeV_v3-v1MINIAODSIM_v1/ST_tW_5020GeV_antitop-powheg-pythia8/crab_TopHI/160408_094705/0000/HiForestAOD_9.root
-1252601
firstFile: 25  lastFile: 26
firstEvent: 0
isData: 1
hltTree done
hiTree done
skimTree done
pfTree done
muTree done
pfJetTree done
20400
nentries: -1  tot: 20400
Processing event 0  20400
Created hiEventContainer
Created triggerMap object
0 fCurrent: 0
0 fCurrent: 0
pfPartProd: 0 fCurrent: 0
Processing event 10000  20400
Processing event 20000  20400
Collection name='TList', class='TList', size=10
 OBJ: hiEventContainer	hiEventContainer	hiEventContainer
 OBJ: triggerMap	triggerMap	triggerMap
 Collection name='lwMuonsReco', class='TClonesArray', size=1000
 Collection name='lwElectronsReco', class='TClonesArray', size=1000
 Collection name='lwElectronsGene', class='TClonesArray', size=1000
 Collection name='pfParticles', class='TClonesArray', size=2000
 OBJ: lwJetContainer	akt4PF	akt4PF
 Collection name='TClonesArray', class='TClonesArray', size=1000
 Collection name='TClonesArray', class='TClonesArray', size=1000
 Collection name='TClonesArray', class='TClonesArray', size=1000
Results have been stored in AnaResults.root
